<test-run id="2" testcasecount="3" result="Passed" start-time="2024-03-19 16:20:14.385389" end-time="2024-03-19 16:20:37.406171" duration="23" total="3" passed="3" failed="0" inconclusive="0" skipped="0" asserts="0" clr-version="3.12.2 (tags/v3.12.2:6abddd9, Feb  6 2024, 21:26:36) [MSC v.1937 64 bit (AMD64)]" engine-version="3.6.2"><command-line>C:\Users\rafael.franca\Documents\Projeto Selenium\selenium-project-pom\venv\Scripts\pytest -rA --html=.\reports\Report.html --self-contained-html --doctest-modules --nunitxml=nunit/test-results.xml</command-line><filter /><test-suite id="tests/test_ct01_add_carrinho.py::TestCT01" name="tests/test_ct01_add_carrinho.py::TestCT01" fullname="tests/test_ct01_add_carrinho.py::TestCT01" methodname="" classname="" runstate="Runnable" type="Assembly" testcasecount="1" result="Passed" label="" start-time="2024-03-19 16:20:16.961923" end-time="2024-03-19 16:20:21.324087" duration="4.362164" asserts="0" total="1" passed="1" failed="0" warnings="0" inconclusive="0" skipped="0"><properties><property name="python_version" value="3.12.2 (tags/v3.12.2:6abddd9, Feb  6 2024, 21:26:36) [MSC v.1937 64 bit (AMD64)]" /></properties><test-case id="100" name="tests/test_ct01_add_carrinho.py::TestCT01::test_ct01_add_carrinho" fullname="tests/test_ct01_add_carrinho.py::TestCT01::test_ct01_add_carrinho" methodname="test_ct01_add_carrinho" classname="TestCT01" runstate="Runnable" seed="1" result="Passed" label="" start-time="2024-03-19 16:20:16.961923" end-time="2024-03-19 16:20:21.324087" duration="4.362164" asserts="0"><properties><property name="python-version" value="3.12.2 (tags/v3.12.2:6abddd9, Feb  6 2024, 21:26:36) [MSC v.1937 64 bit (AMD64)]" /><property name="fspath" value="tests/test_ct01_add_carrinho.py" /></properties><environment framework-version="3.6.2" clr-version="3.12.2 (tags/v3.12.2:6abddd9, Feb  6 2024, 21:26:36) [MSC v.1937 64 bit (AMD64)]" os-version="11" platform="Windows" cwd="C:\Users\rafael.franca\Documents\Projeto Selenium\selenium-project-pom" machine-name="AMD64" user="" user-domain="" culture="pt_BR" uiculture="pt_BR" os-architecture="64bit" /><failure><message><![CDATA[]]></message><stack-trace><![CDATA[None]]></stack-trace></failure><reason><message><![CDATA[]]></message></reason><output><![CDATA[]]></output></test-case><environment framework-version="3.6.2" clr-version="3.12.2 (tags/v3.12.2:6abddd9, Feb  6 2024, 21:26:36) [MSC v.1937 64 bit (AMD64)]" os-version="11" platform="Windows" cwd="C:\Users\rafael.franca\Documents\Projeto Selenium\selenium-project-pom" machine-name="AMD64" user="" user-domain="" culture="pt_BR" uiculture="pt_BR" os-architecture="64bit" /></test-suite><test-suite id="tests/test_ct02_login_valido.py::TestCT02" name="tests/test_ct02_login_valido.py::TestCT02" fullname="tests/test_ct02_login_valido.py::TestCT02" methodname="" classname="" runstate="Runnable" type="Assembly" testcasecount="1" result="Passed" label="" start-time="2024-03-19 16:20:26.930222" end-time="2024-03-19 16:20:29.576019" duration="2.645797" asserts="0" total="1" passed="1" failed="0" warnings="0" inconclusive="0" skipped="0"><properties><property name="python_version" value="3.12.2 (tags/v3.12.2:6abddd9, Feb  6 2024, 21:26:36) [MSC v.1937 64 bit (AMD64)]" /></properties><test-case id="101" name="tests/test_ct02_login_valido.py::TestCT02::test_ct02_login_valido" fullname="tests/test_ct02_login_valido.py::TestCT02::test_ct02_login_valido" methodname="test_ct02_login_valido" classname="TestCT02" runstate="Runnable" seed="1" result="Passed" label="" start-time="2024-03-19 16:20:26.930222" end-time="2024-03-19 16:20:29.576019" duration="2.645797" asserts="0"><properties><property name="python-version" value="3.12.2 (tags/v3.12.2:6abddd9, Feb  6 2024, 21:26:36) [MSC v.1937 64 bit (AMD64)]" /><property name="fspath" value="tests/test_ct02_login_valido.py" /></properties><environment framework-version="3.6.2" clr-version="3.12.2 (tags/v3.12.2:6abddd9, Feb  6 2024, 21:26:36) [MSC v.1937 64 bit (AMD64)]" os-version="11" platform="Windows" cwd="C:\Users\rafael.franca\Documents\Projeto Selenium\selenium-project-pom" machine-name="AMD64" user="" user-domain="" culture="pt_BR" uiculture="pt_BR" os-architecture="64bit" /><failure><message><![CDATA[]]></message><stack-trace><![CDATA[None]]></stack-trace></failure><reason><message><![CDATA[]]></message></reason><output><![CDATA[]]></output></test-case><environment framework-version="3.6.2" clr-version="3.12.2 (tags/v3.12.2:6abddd9, Feb  6 2024, 21:26:36) [MSC v.1937 64 bit (AMD64)]" os-version="11" platform="Windows" cwd="C:\Users\rafael.franca\Documents\Projeto Selenium\selenium-project-pom" machine-name="AMD64" user="" user-domain="" culture="pt_BR" uiculture="pt_BR" os-architecture="64bit" /></test-suite><test-suite id="tests/test_ct03_login_invalido.py::TestCT03" name="tests/test_ct03_login_invalido.py::TestCT03" fullname="tests/test_ct03_login_invalido.py::TestCT03" methodname="" classname="" runstate="Runnable" type="Assembly" testcasecount="1" result="Passed" label="" start-time="2024-03-19 16:20:35.126638" end-time="2024-03-19 16:20:37.403891" duration="2.277253" asserts="0" total="1" passed="1" failed="0" warnings="0" inconclusive="0" skipped="0"><properties><property name="python_version" value="3.12.2 (tags/v3.12.2:6abddd9, Feb  6 2024, 21:26:36) [MSC v.1937 64 bit (AMD64)]" /></properties><test-case id="102" name="tests/test_ct03_login_invalido.py::TestCT03::test_ct03_login_inválido" fullname="tests/test_ct03_login_invalido.py::TestCT03::test_ct03_login_inválido" methodname="test_ct03_login_inválido" classname="TestCT03" runstate="Runnable" seed="1" result="Passed" label="" start-time="2024-03-19 16:20:35.126638" end-time="2024-03-19 16:20:37.403891" duration="2.277253" asserts="0"><properties><property name="python-version" value="3.12.2 (tags/v3.12.2:6abddd9, Feb  6 2024, 21:26:36) [MSC v.1937 64 bit (AMD64)]" /><property name="fspath" value="tests/test_ct03_login_invalido.py" /></properties><environment framework-version="3.6.2" clr-version="3.12.2 (tags/v3.12.2:6abddd9, Feb  6 2024, 21:26:36) [MSC v.1937 64 bit (AMD64)]" os-version="11" platform="Windows" cwd="C:\Users\rafael.franca\Documents\Projeto Selenium\selenium-project-pom" machine-name="AMD64" user="" user-domain="" culture="pt_BR" uiculture="pt_BR" os-architecture="64bit" /><failure><message><![CDATA[]]></message><stack-trace><![CDATA[None]]></stack-trace></failure><reason><message><![CDATA[]]></message></reason><output><![CDATA[]]></output></test-case><environment framework-version="3.6.2" clr-version="3.12.2 (tags/v3.12.2:6abddd9, Feb  6 2024, 21:26:36) [MSC v.1937 64 bit (AMD64)]" os-version="11" platform="Windows" cwd="C:\Users\rafael.franca\Documents\Projeto Selenium\selenium-project-pom" machine-name="AMD64" user="" user-domain="" culture="pt_BR" uiculture="pt_BR" os-architecture="64bit" /></test-suite></test-run>